  OpenGl_Setup.cpp
F:\College\Spring 2022-2023 (8th term)\CS 402 - Computer Graphics\Sections\Graphics_firstTry\OpenGl_Setup.cpp(36,1): warning C4305: 'initializing': truncation from 'double' to 'GLfloat'
F:\College\Spring 2022-2023 (8th term)\CS 402 - Computer Graphics\Sections\Graphics_firstTry\OpenGl_Setup.cpp(40,35): warning C4305: 'initializing': truncation from 'double' to 'GLfloat'
F:\College\Spring 2022-2023 (8th term)\CS 402 - Computer Graphics\Sections\Graphics_firstTry\OpenGl_Setup.cpp(51,36): warning C4305: 'argument': truncation from 'double' to 'GLclampf'
F:\College\Spring 2022-2023 (8th term)\CS 402 - Computer Graphics\Sections\Graphics_firstTry\OpenGl_Setup.cpp(115,28): warning C4305: '-=': truncation from 'double' to 'GLfloat'
F:\College\Spring 2022-2023 (8th term)\CS 402 - Computer Graphics\Sections\Graphics_firstTry\OpenGl_Setup.cpp(116,28): warning C4305: '-=': truncation from 'double' to 'GLfloat'
F:\College\Spring 2022-2023 (8th term)\CS 402 - Computer Graphics\Sections\Graphics_firstTry\OpenGl_Setup.cpp(117,28): warning C4305: '-=': truncation from 'double' to 'GLfloat'
F:\College\Spring 2022-2023 (8th term)\CS 402 - Computer Graphics\Sections\Graphics_firstTry\OpenGl_Setup.cpp(120,31): warning C4305: '-=': truncation from 'double' to 'GLfloat'
F:\College\Spring 2022-2023 (8th term)\CS 402 - Computer Graphics\Sections\Graphics_firstTry\OpenGl_Setup.cpp(125,28): warning C4305: '+=': truncation from 'double' to 'GLfloat'
F:\College\Spring 2022-2023 (8th term)\CS 402 - Computer Graphics\Sections\Graphics_firstTry\OpenGl_Setup.cpp(126,28): warning C4305: '+=': truncation from 'double' to 'GLfloat'
F:\College\Spring 2022-2023 (8th term)\CS 402 - Computer Graphics\Sections\Graphics_firstTry\OpenGl_Setup.cpp(127,28): warning C4305: '+=': truncation from 'double' to 'GLfloat'
F:\College\Spring 2022-2023 (8th term)\CS 402 - Computer Graphics\Sections\Graphics_firstTry\OpenGl_Setup.cpp(130,31): warning C4305: '+=': truncation from 'double' to 'GLfloat'
F:\College\Spring 2022-2023 (8th term)\CS 402 - Computer Graphics\Sections\Graphics_firstTry\OpenGl_Setup.cpp(135,28): warning C4305: '+=': truncation from 'double' to 'GLfloat'
F:\College\Spring 2022-2023 (8th term)\CS 402 - Computer Graphics\Sections\Graphics_firstTry\OpenGl_Setup.cpp(136,28): warning C4305: '+=': truncation from 'double' to 'GLfloat'
F:\College\Spring 2022-2023 (8th term)\CS 402 - Computer Graphics\Sections\Graphics_firstTry\OpenGl_Setup.cpp(137,28): warning C4305: '+=': truncation from 'double' to 'GLfloat'
F:\College\Spring 2022-2023 (8th term)\CS 402 - Computer Graphics\Sections\Graphics_firstTry\OpenGl_Setup.cpp(140,31): warning C4305: '+=': truncation from 'double' to 'GLfloat'
F:\College\Spring 2022-2023 (8th term)\CS 402 - Computer Graphics\Sections\Graphics_firstTry\OpenGl_Setup.cpp(145,28): warning C4305: '-=': truncation from 'double' to 'GLfloat'
F:\College\Spring 2022-2023 (8th term)\CS 402 - Computer Graphics\Sections\Graphics_firstTry\OpenGl_Setup.cpp(146,28): warning C4305: '-=': truncation from 'double' to 'GLfloat'
F:\College\Spring 2022-2023 (8th term)\CS 402 - Computer Graphics\Sections\Graphics_firstTry\OpenGl_Setup.cpp(147,28): warning C4305: '-=': truncation from 'double' to 'GLfloat'
F:\College\Spring 2022-2023 (8th term)\CS 402 - Computer Graphics\Sections\Graphics_firstTry\OpenGl_Setup.cpp(150,31): warning C4305: '-=': truncation from 'double' to 'GLfloat'
  Graphics_firstTry.vcxproj -> F:\College\Spring 2022-2023 (8th term)\CS 402 - Computer Graphics\Sections\Graphics_firstTry\Debug\Graphics_firstTry.exe
